INFO http-nio-8080-exec-4 com.springbook.rice.common.utils.HttpXmlClient - create httppost:https://api.weixin.qq.com/sns/jscode2session
INFO http-nio-8080-exec-4 com.springbook.rice.common.utils.HttpXmlClient - set utf-8 form entity to httppost
INFO http-nio-8080-exec-4 com.springbook.rice.common.utils.HttpXmlClient - execute post...
INFO http-nio-8080-exec-4 com.springbook.rice.common.utils.HttpXmlClient - get response from http server..
INFO http-nio-8080-exec-4 com.springbook.rice.common.utils.HttpXmlClient - response status: HTTP/1.1 200 OK
INFO http-nio-8080-exec-4 com.springbook.rice.common.utils.HttpXmlClient - 
INFO http-nio-8080-exec-4 com.springbook.rice.common.utils.HttpXmlClient - {"session_key":"r715H0uiE5P1+3B5TYh3Pw==","openid":"oYj2g4sE13SOPl4XPlDqctH2ki4M"}
INFO http-nio-8080-exec-6 com.springbook.rice.common.utils.HttpXmlClient - create httppost:https://api.weixin.qq.com/sns/jscode2session
INFO http-nio-8080-exec-6 com.springbook.rice.common.utils.HttpXmlClient - set utf-8 form entity to httppost
INFO http-nio-8080-exec-6 com.springbook.rice.common.utils.HttpXmlClient - execute post...
INFO http-nio-8080-exec-6 com.springbook.rice.common.utils.HttpXmlClient - get response from http server..
INFO http-nio-8080-exec-6 com.springbook.rice.common.utils.HttpXmlClient - response status: HTTP/1.1 200 OK
INFO http-nio-8080-exec-6 com.springbook.rice.common.utils.HttpXmlClient - 
INFO http-nio-8080-exec-6 com.springbook.rice.common.utils.HttpXmlClient - {"session_key":"N2Exg+pemhRAK5OHNQR4TQ==","openid":"oYj2g4sE13SOPl4XPlDqctH2ki4M"}
INFO http-nio-8080-exec-3 com.springbook.rice.common.utils.HttpXmlClient - create httppost:https://api.weixin.qq.com/sns/jscode2session
INFO http-nio-8080-exec-3 com.springbook.rice.common.utils.HttpXmlClient - set utf-8 form entity to httppost
INFO http-nio-8080-exec-3 com.springbook.rice.common.utils.HttpXmlClient - execute post...
INFO http-nio-8080-exec-3 com.springbook.rice.common.utils.HttpXmlClient - get response from http server..
INFO http-nio-8080-exec-3 com.springbook.rice.common.utils.HttpXmlClient - response status: HTTP/1.1 200 OK
INFO http-nio-8080-exec-3 com.springbook.rice.common.utils.HttpXmlClient - 
INFO http-nio-8080-exec-3 com.springbook.rice.common.utils.HttpXmlClient - {"session_key":"N2Exg+pemhRAK5OHNQR4TQ==","openid":"oYj2g4sE13SOPl4XPlDqctH2ki4M"}
INFO http-nio-8080-exec-9 com.springbook.rice.common.utils.HttpXmlClient - create httppost:https://api.weixin.qq.com/sns/jscode2session
INFO http-nio-8080-exec-9 com.springbook.rice.common.utils.HttpXmlClient - set utf-8 form entity to httppost
INFO http-nio-8080-exec-9 com.springbook.rice.common.utils.HttpXmlClient - execute post...
INFO http-nio-8080-exec-9 com.springbook.rice.common.utils.HttpXmlClient - get response from http server..
INFO http-nio-8080-exec-9 com.springbook.rice.common.utils.HttpXmlClient - response status: HTTP/1.1 200 OK
INFO http-nio-8080-exec-9 com.springbook.rice.common.utils.HttpXmlClient - 
INFO http-nio-8080-exec-9 com.springbook.rice.common.utils.HttpXmlClient - {"session_key":"N2Exg+pemhRAK5OHNQR4TQ==","openid":"oYj2g4sE13SOPl4XPlDqctH2ki4M"}
INFO http-nio-8080-exec-10 com.springbook.rice.common.utils.HttpXmlClient - create httppost:https://api.weixin.qq.com/sns/jscode2session
INFO http-nio-8080-exec-10 com.springbook.rice.common.utils.HttpXmlClient - set utf-8 form entity to httppost
INFO http-nio-8080-exec-10 com.springbook.rice.common.utils.HttpXmlClient - execute post...
INFO http-nio-8080-exec-10 com.springbook.rice.common.utils.HttpXmlClient - get response from http server..
INFO http-nio-8080-exec-10 com.springbook.rice.common.utils.HttpXmlClient - response status: HTTP/1.1 200 OK
INFO http-nio-8080-exec-10 com.springbook.rice.common.utils.HttpXmlClient - 
INFO http-nio-8080-exec-10 com.springbook.rice.common.utils.HttpXmlClient - {"session_key":"N2Exg+pemhRAK5OHNQR4TQ==","openid":"oYj2g4sE13SOPl4XPlDqctH2ki4M"}
INFO http-nio-8080-exec-5 com.springbook.rice.common.utils.HttpXmlClient - create httppost:https://api.weixin.qq.com/sns/jscode2session
INFO http-nio-8080-exec-5 com.springbook.rice.common.utils.HttpXmlClient - set utf-8 form entity to httppost
INFO http-nio-8080-exec-5 com.springbook.rice.common.utils.HttpXmlClient - execute post...
INFO http-nio-8080-exec-5 com.springbook.rice.common.utils.HttpXmlClient - get response from http server..
INFO http-nio-8080-exec-5 com.springbook.rice.common.utils.HttpXmlClient - response status: HTTP/1.1 200 OK
INFO http-nio-8080-exec-5 com.springbook.rice.common.utils.HttpXmlClient - 
INFO http-nio-8080-exec-5 com.springbook.rice.common.utils.HttpXmlClient - {"session_key":"9E20OARtl743uG4jWYr0GA==","openid":"oYj2g4sE13SOPl4XPlDqctH2ki4M"}
INFO http-nio-8080-exec-10 com.springbook.rice.common.utils.HttpXmlClient - create httppost:https://api.weixin.qq.com/sns/jscode2session
INFO http-nio-8080-exec-10 com.springbook.rice.common.utils.HttpXmlClient - set utf-8 form entity to httppost
INFO http-nio-8080-exec-10 com.springbook.rice.common.utils.HttpXmlClient - execute post...
INFO http-nio-8080-exec-10 com.springbook.rice.common.utils.HttpXmlClient - get response from http server..
INFO http-nio-8080-exec-10 com.springbook.rice.common.utils.HttpXmlClient - response status: HTTP/1.1 200 OK
INFO http-nio-8080-exec-10 com.springbook.rice.common.utils.HttpXmlClient - 
INFO http-nio-8080-exec-10 com.springbook.rice.common.utils.HttpXmlClient - {"session_key":"9E20OARtl743uG4jWYr0GA==","openid":"oYj2g4sE13SOPl4XPlDqctH2ki4M"}
INFO http-nio-8080-exec-8 com.springbook.rice.common.utils.HttpXmlClient - create httppost:https://api.weixin.qq.com/sns/jscode2session
INFO http-nio-8080-exec-8 com.springbook.rice.common.utils.HttpXmlClient - set utf-8 form entity to httppost
INFO http-nio-8080-exec-8 com.springbook.rice.common.utils.HttpXmlClient - execute post...
INFO http-nio-8080-exec-8 com.springbook.rice.common.utils.HttpXmlClient - get response from http server..
INFO http-nio-8080-exec-8 com.springbook.rice.common.utils.HttpXmlClient - response status: HTTP/1.1 200 OK
INFO http-nio-8080-exec-8 com.springbook.rice.common.utils.HttpXmlClient - 
INFO http-nio-8080-exec-8 com.springbook.rice.common.utils.HttpXmlClient - {"session_key":"9E20OARtl743uG4jWYr0GA==","openid":"oYj2g4sE13SOPl4XPlDqctH2ki4M"}
INFO http-nio-8080-exec-1 com.springbook.rice.common.utils.HttpXmlClient - create httppost:https://api.weixin.qq.com/sns/jscode2session
INFO http-nio-8080-exec-1 com.springbook.rice.common.utils.HttpXmlClient - set utf-8 form entity to httppost
INFO http-nio-8080-exec-1 com.springbook.rice.common.utils.HttpXmlClient - execute post...
INFO http-nio-8080-exec-1 com.springbook.rice.common.utils.HttpXmlClient - get response from http server..
INFO http-nio-8080-exec-1 com.springbook.rice.common.utils.HttpXmlClient - response status: HTTP/1.1 200 OK
INFO http-nio-8080-exec-1 com.springbook.rice.common.utils.HttpXmlClient - 
INFO http-nio-8080-exec-1 com.springbook.rice.common.utils.HttpXmlClient - {"session_key":"eEIrUYeeXZM+US\/SKsmSJQ==","openid":"oYj2g4sE13SOPl4XPlDqctH2ki4M"}
INFO http-nio-8080-exec-1 com.springbook.rice.common.utils.HttpXmlClient - create httppost:https://api.weixin.qq.com/sns/jscode2session
INFO http-nio-8080-exec-1 com.springbook.rice.common.utils.HttpXmlClient - set utf-8 form entity to httppost
INFO http-nio-8080-exec-1 com.springbook.rice.common.utils.HttpXmlClient - execute post...
INFO http-nio-8080-exec-1 com.springbook.rice.common.utils.HttpXmlClient - get response from http server..
INFO http-nio-8080-exec-1 com.springbook.rice.common.utils.HttpXmlClient - response status: HTTP/1.1 200 OK
INFO http-nio-8080-exec-1 com.springbook.rice.common.utils.HttpXmlClient - 
INFO http-nio-8080-exec-1 com.springbook.rice.common.utils.HttpXmlClient - {"session_key":"ZOfwtzS32jX5obXmhFIncA==","openid":"oYj2g4sE13SOPl4XPlDqctH2ki4M"}
INFO http-nio-8080-exec-7 com.springbook.rice.common.utils.HttpXmlClient - create httppost:https://api.weixin.qq.com/sns/jscode2session
INFO http-nio-8080-exec-7 com.springbook.rice.common.utils.HttpXmlClient - set utf-8 form entity to httppost
INFO http-nio-8080-exec-7 com.springbook.rice.common.utils.HttpXmlClient - execute post...
INFO http-nio-8080-exec-7 com.springbook.rice.common.utils.HttpXmlClient - get response from http server..
INFO http-nio-8080-exec-7 com.springbook.rice.common.utils.HttpXmlClient - response status: HTTP/1.1 200 OK
INFO http-nio-8080-exec-7 com.springbook.rice.common.utils.HttpXmlClient - 
INFO http-nio-8080-exec-7 com.springbook.rice.common.utils.HttpXmlClient - {"session_key":"ZOfwtzS32jX5obXmhFIncA==","openid":"oYj2g4sE13SOPl4XPlDqctH2ki4M"}
INFO http-nio-8080-exec-5 com.springbook.rice.common.utils.HttpXmlClient - create httppost:https://api.weixin.qq.com/sns/jscode2session
INFO http-nio-8080-exec-5 com.springbook.rice.common.utils.HttpXmlClient - set utf-8 form entity to httppost
INFO http-nio-8080-exec-5 com.springbook.rice.common.utils.HttpXmlClient - execute post...
INFO http-nio-8080-exec-5 com.springbook.rice.common.utils.HttpXmlClient - get response from http server..
INFO http-nio-8080-exec-5 com.springbook.rice.common.utils.HttpXmlClient - response status: HTTP/1.1 200 OK
INFO http-nio-8080-exec-5 com.springbook.rice.common.utils.HttpXmlClient - 
INFO http-nio-8080-exec-5 com.springbook.rice.common.utils.HttpXmlClient - {"session_key":"ZOfwtzS32jX5obXmhFIncA==","openid":"oYj2g4sE13SOPl4XPlDqctH2ki4M"}
INFO http-nio-8080-exec-3 com.springbook.rice.common.utils.HttpXmlClient - create httppost:https://api.weixin.qq.com/sns/jscode2session
INFO http-nio-8080-exec-3 com.springbook.rice.common.utils.HttpXmlClient - set utf-8 form entity to httppost
INFO http-nio-8080-exec-3 com.springbook.rice.common.utils.HttpXmlClient - execute post...
INFO http-nio-8080-exec-3 com.springbook.rice.common.utils.HttpXmlClient - get response from http server..
INFO http-nio-8080-exec-3 com.springbook.rice.common.utils.HttpXmlClient - response status: HTTP/1.1 200 OK
INFO http-nio-8080-exec-3 com.springbook.rice.common.utils.HttpXmlClient - 
INFO http-nio-8080-exec-3 com.springbook.rice.common.utils.HttpXmlClient - {"session_key":"ZOfwtzS32jX5obXmhFIncA==","openid":"oYj2g4sE13SOPl4XPlDqctH2ki4M"}
INFO http-nio-8080-exec-2 com.springbook.rice.common.utils.HttpXmlClient - create httppost:https://api.weixin.qq.com/sns/jscode2session
INFO http-nio-8080-exec-2 com.springbook.rice.common.utils.HttpXmlClient - set utf-8 form entity to httppost
INFO http-nio-8080-exec-2 com.springbook.rice.common.utils.HttpXmlClient - execute post...
INFO http-nio-8080-exec-2 com.springbook.rice.common.utils.HttpXmlClient - get response from http server..
INFO http-nio-8080-exec-2 com.springbook.rice.common.utils.HttpXmlClient - response status: HTTP/1.1 200 OK
INFO http-nio-8080-exec-2 com.springbook.rice.common.utils.HttpXmlClient - 
INFO http-nio-8080-exec-2 com.springbook.rice.common.utils.HttpXmlClient - {"session_key":"zR+qghKAXNDJ4IGLTRI8PQ==","openid":"oYj2g4sE13SOPl4XPlDqctH2ki4M"}
